# JRE version: OpenJDK Runtime Environment Microsoft-7208460 (11.0.18+10) (build 11.0.18+10-LTS)
# Java VM: OpenJDK 64-Bit Server VM Microsoft-7208460 (11.0.18+10-LTS, mixed mode, tiered, compressed oops, g1 gc, windows-amd64)
Heap:
 garbage-first heap   total 157696K, used 99976K [0x0000000080000000, 0x0000000100000000)
  region size 1024K, 48 young (49152K), 8 survivors (8192K)
 Metaspace       used 73722K, capacity 76036K, committed 76240K, reserved 583680K
  class space    used 9625K, capacity 10601K, committed 10624K, reserved 516096K
GC Heap History (20 events):
Event: 4.115 GC heap before
{Heap before GC invocations=5 (full 0):
 garbage-first heap   total 131072K, used 82595K [0x0000000080000000, 0x0000000100000000)
  region size 1024K, 64 young (65536K), 3 survivors (3072K)
 Metaspace       used 32695K, capacity 33471K, committed 33584K, reserved 546816K
  class space    used 4312K, capacity 4623K, committed 4736K, reserved 516096K
}
Event: 4.121 GC heap after
{Heap after GC invocations=6 (full 0):
 garbage-first heap   total 131072K, used 22274K [0x0000000080000000, 0x0000000100000000)
  region size 1024K, 5 young (5120K), 5 survivors (5120K)
 Metaspace       used 32695K, capacity 33471K, committed 33584K, reserved 546816K
  class space    used 4312K, capacity 4623K, committed 4736K, reserved 516096K
}
Event: 4.324 GC heap before
{Heap before GC invocations=6 (full 0):
 garbage-first heap   total 131072K, used 28418K [0x0000000080000000, 0x0000000100000000)
  region size 1024K, 12 young (12288K), 5 survivors (5120K)
 Metaspace       used 34978K, capacity 35835K, committed 35920K, reserved 548864K
  class space    used 4483K, capacity 4814K, committed 4864K, reserved 516096K
}
Event: 4.333 GC heap after
{Heap after GC invocations=7 (full 0):
 garbage-first heap   total 131072K, used 23541K [0x0000000080000000, 0x0000000100000000)
  region size 1024K, 6 young (6144K), 6 survivors (6144K)
 Metaspace       used 34978K, capacity 35835K, committed 35920K, reserved 548864K
  class space    used 4483K, capacity 4814K, committed 4864K, reserved 516096K
}
Event: 5.120 GC heap before
{Heap before GC invocations=8 (full 0):
 garbage-first heap   total 131072K, used 75765K [0x0000000080000000, 0x0000000100000000)
  region size 1024K, 54 young (55296K), 6 survivors (6144K)
 Metaspace       used 40532K, capacity 41537K, committed 41680K, reserved 552960K
  class space    used 5094K, capacity 5496K, committed 5504K, reserved 516096K
}
Event: 5.138 GC heap after
{Heap after GC invocations=9 (full 0):
 garbage-first heap   total 131072K, used 28120K [0x0000000080000000, 0x0000000100000000)
  region size 1024K, 7 young (7168K), 7 survivors (7168K)
 Metaspace       used 40532K, capacity 41537K, committed 41680K, reserved 552960K
  class space    used 5094K, capacity 5496K, committed 5504K, reserved 516096K
}
Event: 9.358 GC heap before
{Heap before GC invocations=10 (full 0):
 garbage-first heap   total 131072K, used 79320K [0x0000000080000000, 0x0000000100000000)
  region size 1024K, 57 young (58368K), 7 survivors (7168K)
 Metaspace       used 42984K, capacity 44194K, committed 44496K, reserved 555008K
  class space    used 5439K, capacity 5924K, committed 6016K, reserved 516096K
}
Event: 9.370 GC heap after
{Heap after GC invocations=11 (full 0):
 garbage-first heap   total 157696K, used 31470K [0x0000000080000000, 0x0000000100000000)
  region size 1024K, 8 young (8192K), 8 survivors (8192K)
 Metaspace       used 42984K, capacity 44194K, committed 44496K, reserved 555008K
  class space    used 5439K, capacity 5924K, committed 6016K, reserved 516096K
}
Event: 10.302 GC heap before
{Heap before GC invocations=11 (full 0):
 garbage-first heap   total 157696K, used 94958K [0x0000000080000000, 0x0000000100000000)
  region size 1024K, 70 young (71680K), 8 survivors (8192K)
 Metaspace       used 48592K, capacity 49871K, committed 50128K, reserved 561152K
  class space    used 6244K, capacity 6748K, committed 6784K, reserved 516096K
}
Event: 10.311 GC heap after
{Heap after GC invocations=12 (full 0):
 garbage-first heap   total 157696K, used 34281K [0x0000000080000000, 0x0000000100000000)
  region size 1024K, 7 young (7168K), 7 survivors (7168K)
 Metaspace       used 48592K, capacity 49871K, committed 50128K, reserved 561152K
  class space    used 6244K, capacity 6748K, committed 6784K, reserved 516096K
}
Event: 11.255 GC heap before
{Heap before GC invocations=12 (full 0):
 garbage-first heap   total 157696K, used 105961K [0x0000000080000000, 0x0000000100000000)
  region size 1024K, 71 young (72704K), 7 survivors (7168K)
 Metaspace       used 54395K, capacity 55942K, committed 56144K, reserved 565248K
  class space    used 6991K, capacity 7645K, committed 7680K, reserved 516096K
}
Event: 11.268 GC heap after
{Heap after GC invocations=13 (full 0):
 garbage-first heap   total 157696K, used 44626K [0x0000000080000000, 0x0000000100000000)
  region size 1024K, 7 young (7168K), 7 survivors (7168K)
 Metaspace       used 54395K, capacity 55942K, committed 56144K, reserved 565248K
  class space    used 6991K, capacity 7645K, committed 7680K, reserved 516096K
}
Event: 12.771 GC heap before
{Heap before GC invocations=13 (full 0):
 garbage-first heap   total 157696K, used 109138K [0x0000000080000000, 0x0000000100000000)
  region size 1024K, 70 young (71680K), 7 survivors (7168K)
 Metaspace       used 59927K, capacity 61691K, committed 61904K, reserved 571392K
  class space    used 7802K, capacity 8539K, committed 8576K, reserved 516096K
}
Event: 12.784 GC heap after
{Heap after GC invocations=14 (full 0):
 garbage-first heap   total 157696K, used 47724K [0x0000000080000000, 0x0000000100000000)
  region size 1024K, 8 young (8192K), 8 survivors (8192K)
 Metaspace       used 59927K, capacity 61691K, committed 61904K, reserved 571392K
  class space    used 7802K, capacity 8539K, committed 8576K, reserved 516096K
}
Event: 13.262 GC heap before
{Heap before GC invocations=14 (full 0):
 garbage-first heap   total 157696K, used 112236K [0x0000000080000000, 0x0000000100000000)
  region size 1024K, 71 young (72704K), 8 survivors (8192K)
 Metaspace       used 64399K, capacity 66256K, committed 66384K, reserved 573440K
  class space    used 8346K, capacity 9092K, committed 9216K, reserved 516096K
}
Event: 13.271 GC heap after
{Heap after GC invocations=15 (full 0):
 garbage-first heap   total 157696K, used 50036K [0x0000000080000000, 0x0000000100000000)
  region size 1024K, 6 young (6144K), 6 survivors (6144K)
 Metaspace       used 64399K, capacity 66256K, committed 66384K, reserved 573440K
  class space    used 8346K, capacity 9092K, committed 9216K, reserved 516096K
}
Event: 13.803 GC heap before
{Heap before GC invocations=15 (full 0):
 garbage-first heap   total 157696K, used 95092K [0x0000000080000000, 0x0000000100000000)
  region size 1024K, 51 young (52224K), 6 survivors (6144K)
 Metaspace       used 67389K, capacity 69395K, committed 69468K, reserved 577536K
  class space    used 8789K, capacity 9600K, committed 9600K, reserved 516096K
}
Event: 13.814 GC heap after
{Heap after GC invocations=16 (full 0):
 garbage-first heap   total 157696K, used 52508K [0x0000000080000000, 0x0000000100000000)
  region size 1024K, 5 young (5120K), 5 survivors (5120K)
 Metaspace       used 67389K, capacity 69395K, committed 69468K, reserved 577536K
  class space    used 8789K, capacity 9600K, committed 9600K, reserved 516096K
}
Event: 14.851 GC heap before
{Heap before GC invocations=17 (full 0):
 garbage-first heap   total 157696K, used 119068K [0x0000000080000000, 0x0000000100000000)
  region size 1024K, 70 young (71680K), 5 survivors (5120K)
 Metaspace       used 71576K, capacity 73738K, committed 73936K, reserved 581632K
  class space    used 9355K, capacity 10263K, committed 10368K, reserved 516096K
}
Event: 14.861 GC heap after
{Heap after GC invocations=18 (full 0):
 garbage-first heap   total 157696K, used 57992K [0x0000000080000000, 0x0000000100000000)
  region size 1024K, 8 young (8192K), 8 survivors (8192K)
 Metaspace       used 71576K, capacity 73738K, committed 73936K, reserved 581632K
  class space    used 9355K, capacity 10263K, committed 10368K, reserved 516096K
}

