# JRE version: OpenJDK Runtime Environment Microsoft-7208460 (11.0.18+10) (build 11.0.18+10-LTS)
# Java VM: OpenJDK 64-Bit Server VM Microsoft-7208460 (11.0.18+10-LTS, mixed mode, tiered, compressed oops, g1 gc, windows-amd64)
Heap:
 garbage-first heap   total 227328K, used 170086K [0x0000000080000000, 0x0000000100000000)
  region size 1024K, 20 young (20480K), 4 survivors (4096K)
 Metaspace       used 107945K, capacity 111437K, committed 111624K, reserved 612352K
  class space    used 14186K, capacity 15600K, committed 15616K, reserved 516096K
GC Heap History (20 events):
Event: 63.338 GC heap before
{Heap before GC invocations=81 (full 0):
 garbage-first heap   total 157696K, used 147346K [0x0000000080000000, 0x0000000100000000)
  region size 1024K, 7 young (7168K), 1 survivors (1024K)
 Metaspace       used 100407K, capacity 103770K, committed 103944K, reserved 606208K
  class space    used 13172K, capacity 14514K, committed 14592K, reserved 516096K
}
Event: 63.344 GC heap after
{Heap after GC invocations=82 (full 0):
 garbage-first heap   total 157696K, used 141888K [0x0000000080000000, 0x0000000100000000)
  region size 1024K, 1 young (1024K), 1 survivors (1024K)
 Metaspace       used 100407K, capacity 103770K, committed 103944K, reserved 606208K
  class space    used 13172K, capacity 14514K, committed 14592K, reserved 516096K
}
Event: 63.566 GC heap before
{Heap before GC invocations=82 (full 0):
 garbage-first heap   total 157696K, used 148032K [0x0000000080000000, 0x0000000100000000)
  region size 1024K, 7 young (7168K), 1 survivors (1024K)
 Metaspace       used 100550K, capacity 103854K, committed 103944K, reserved 606208K
  class space    used 13188K, capacity 14519K, committed 14592K, reserved 516096K
}
Event: 63.575 GC heap after
{Heap after GC invocations=83 (full 0):
 garbage-first heap   total 157696K, used 143267K [0x0000000080000000, 0x0000000100000000)
  region size 1024K, 1 young (1024K), 1 survivors (1024K)
 Metaspace       used 100550K, capacity 103854K, committed 103944K, reserved 606208K
  class space    used 13188K, capacity 14519K, committed 14592K, reserved 516096K
}
Event: 63.683 GC heap before
{Heap before GC invocations=84 (full 0):
 garbage-first heap   total 157696K, used 149411K [0x0000000080000000, 0x0000000100000000)
  region size 1024K, 7 young (7168K), 1 survivors (1024K)
 Metaspace       used 100587K, capacity 103855K, committed 103944K, reserved 606208K
  class space    used 13188K, capacity 14519K, committed 14592K, reserved 516096K
}
Event: 63.689 GC heap after
{Heap after GC invocations=85 (full 0):
 garbage-first heap   total 189440K, used 145278K [0x0000000080000000, 0x0000000100000000)
  region size 1024K, 1 young (1024K), 1 survivors (1024K)
 Metaspace       used 100587K, capacity 103855K, committed 103944K, reserved 606208K
  class space    used 13188K, capacity 14519K, committed 14592K, reserved 516096K
}
Event: 63.927 GC heap before
{Heap before GC invocations=85 (full 0):
 garbage-first heap   total 189440K, used 155518K [0x0000000080000000, 0x0000000100000000)
  region size 1024K, 11 young (11264K), 1 survivors (1024K)
 Metaspace       used 100997K, capacity 104322K, committed 104584K, reserved 606208K
  class space    used 13259K, capacity 14610K, committed 14720K, reserved 516096K
}
Event: 63.932 GC heap after
{Heap after GC invocations=86 (full 0):
 garbage-first heap   total 189440K, used 146598K [0x0000000080000000, 0x0000000100000000)
  region size 1024K, 2 young (2048K), 2 survivors (2048K)
 Metaspace       used 100997K, capacity 104322K, committed 104584K, reserved 606208K
  class space    used 13259K, capacity 14610K, committed 14720K, reserved 516096K
}
Event: 64.279 GC heap before
{Heap before GC invocations=86 (full 0):
 garbage-first heap   total 189440K, used 156838K [0x0000000080000000, 0x0000000100000000)
  region size 1024K, 12 young (12288K), 2 survivors (2048K)
 Metaspace       used 101546K, capacity 104929K, committed 105224K, reserved 608256K
  class space    used 13348K, capacity 14722K, committed 14848K, reserved 516096K
}
Event: 64.284 GC heap after
{Heap after GC invocations=87 (full 0):
 garbage-first heap   total 189440K, used 147048K [0x0000000080000000, 0x0000000100000000)
  region size 1024K, 2 young (2048K), 2 survivors (2048K)
 Metaspace       used 101546K, capacity 104929K, committed 105224K, reserved 608256K
  class space    used 13348K, capacity 14722K, committed 14848K, reserved 516096K
}
Event: 64.590 GC heap before
{Heap before GC invocations=87 (full 0):
 garbage-first heap   total 189440K, used 156264K [0x0000000080000000, 0x0000000100000000)
  region size 1024K, 12 young (12288K), 2 survivors (2048K)
 Metaspace       used 102075K, capacity 105490K, committed 105736K, reserved 608256K
  class space    used 13431K, capacity 14796K, committed 14848K, reserved 516096K
}
Event: 64.596 GC heap after
{Heap after GC invocations=88 (full 0):
 garbage-first heap   total 189440K, used 147634K [0x0000000080000000, 0x0000000100000000)
  region size 1024K, 1 young (1024K), 1 survivors (1024K)
 Metaspace       used 102075K, capacity 105490K, committed 105736K, reserved 608256K
  class space    used 13431K, capacity 14796K, committed 14848K, reserved 516096K
}
Event: 65.064 GC heap before
{Heap before GC invocations=88 (full 0):
 garbage-first heap   total 189440K, used 158898K [0x0000000080000000, 0x0000000100000000)
  region size 1024K, 12 young (12288K), 1 survivors (1024K)
 Metaspace       used 102766K, capacity 106134K, committed 106376K, reserved 608256K
  class space    used 13522K, capacity 14898K, committed 14976K, reserved 516096K
}
Event: 65.071 GC heap after
{Heap after GC invocations=89 (full 0):
 garbage-first heap   total 227328K, used 148192K [0x0000000080000000, 0x0000000100000000)
  region size 1024K, 2 young (2048K), 2 survivors (2048K)
 Metaspace       used 102766K, capacity 106134K, committed 106376K, reserved 608256K
  class space    used 13522K, capacity 14898K, committed 14976K, reserved 516096K
}
Event: 66.191 GC heap before
{Heap before GC invocations=89 (full 0):
 garbage-first heap   total 227328K, used 170720K [0x0000000080000000, 0x0000000100000000)
  region size 1024K, 24 young (24576K), 2 survivors (2048K)
 Metaspace       used 104162K, capacity 107612K, committed 107912K, reserved 610304K
  class space    used 13717K, capacity 15111K, committed 15232K, reserved 516096K
}
Event: 66.197 GC heap after
{Heap after GC invocations=90 (full 0):
 garbage-first heap   total 227328K, used 149348K [0x0000000080000000, 0x0000000100000000)
  region size 1024K, 3 young (3072K), 3 survivors (3072K)
 Metaspace       used 104162K, capacity 107612K, committed 107912K, reserved 610304K
  class space    used 13717K, capacity 15111K, committed 15232K, reserved 516096K
}
Event: 67.449 GC heap before
{Heap before GC invocations=90 (full 0):
 garbage-first heap   total 227328K, used 173924K [0x0000000080000000, 0x0000000100000000)
  region size 1024K, 27 young (27648K), 3 survivors (3072K)
 Metaspace       used 106087K, capacity 109568K, committed 109832K, reserved 612352K
  class space    used 13960K, capacity 15349K, committed 15360K, reserved 516096K
}
Event: 67.458 GC heap after
{Heap after GC invocations=91 (full 0):
 garbage-first heap   total 227328K, used 151332K [0x0000000080000000, 0x0000000100000000)
  region size 1024K, 4 young (4096K), 4 survivors (4096K)
 Metaspace       used 106087K, capacity 109568K, committed 109832K, reserved 612352K
  class space    used 13960K, capacity 15349K, committed 15360K, reserved 516096K
}
Event: 68.015 GC heap before
{Heap before GC invocations=91 (full 0):
 garbage-first heap   total 227328K, used 176932K [0x0000000080000000, 0x0000000100000000)
  region size 1024K, 29 young (29696K), 4 survivors (4096K)
 Metaspace       used 107162K, capacity 110719K, committed 110856K, reserved 612352K
  class space    used 14099K, capacity 15497K, committed 15616K, reserved 516096K
}
Event: 68.026 GC heap after
{Heap after GC invocations=92 (full 0):
 garbage-first heap   total 227328K, used 154726K [0x0000000080000000, 0x0000000100000000)
  region size 1024K, 4 young (4096K), 4 survivors (4096K)
 Metaspace       used 107162K, capacity 110719K, committed 110856K, reserved 612352K
  class space    used 14099K, capacity 15497K, committed 15616K, reserved 516096K
}

