# JRE version: OpenJDK Runtime Environment Microsoft-7208460 (11.0.18+10) (build 11.0.18+10-LTS)
# Java VM: OpenJDK 64-Bit Server VM Microsoft-7208460 (11.0.18+10-LTS, mixed mode, tiered, compressed oops, g1 gc, windows-amd64)
Heap:
 garbage-first heap   total 131072K, used 89323K [0x0000000080000000, 0x0000000100000000)
  region size 1024K, 17 young (17408K), 4 survivors (4096K)
 Metaspace       used 84976K, capacity 87518K, committed 87688K, reserved 591872K
  class space    used 11017K, capacity 12052K, committed 12160K, reserved 516096K
GC Heap History (20 events):
Event: 18.204 GC heap before
{Heap before GC invocations=17 (full 0):
 garbage-first heap   total 131072K, used 99865K [0x0000000080000000, 0x0000000100000000)
  region size 1024K, 53 young (54272K), 5 survivors (5120K)
 Metaspace       used 68486K, capacity 70628K, committed 70792K, reserved 577536K
  class space    used 8928K, capacity 9769K, committed 9856K, reserved 516096K
}
Event: 18.211 GC heap after
{Heap after GC invocations=18 (full 0):
 garbage-first heap   total 131072K, used 53984K [0x0000000080000000, 0x0000000100000000)
  region size 1024K, 6 young (6144K), 6 survivors (6144K)
 Metaspace       used 68486K, capacity 70628K, committed 70792K, reserved 577536K
  class space    used 8928K, capacity 9769K, committed 9856K, reserved 516096K
}
Event: 19.185 GC heap before
{Heap before GC invocations=18 (full 0):
 garbage-first heap   total 131072K, used 101088K [0x0000000080000000, 0x0000000100000000)
  region size 1024K, 53 young (54272K), 6 survivors (6144K)
 Metaspace       used 71819K, capacity 74062K, committed 74376K, reserved 581632K
  class space    used 9393K, capacity 10285K, committed 10368K, reserved 516096K
}
Event: 19.195 GC heap after
{Heap after GC invocations=19 (full 0):
 garbage-first heap   total 131072K, used 57885K [0x0000000080000000, 0x0000000100000000)
  region size 1024K, 7 young (7168K), 7 survivors (7168K)
 Metaspace       used 71819K, capacity 74062K, committed 74376K, reserved 581632K
  class space    used 9393K, capacity 10285K, committed 10368K, reserved 516096K
}
Event: 21.105 GC heap before
{Heap before GC invocations=19 (full 0):
 garbage-first heap   total 131072K, used 104989K [0x0000000080000000, 0x0000000100000000)
  region size 1024K, 52 young (53248K), 7 survivors (7168K)
 Metaspace       used 74942K, capacity 77325K, committed 77576K, reserved 583680K
  class space    used 9774K, capacity 10726K, committed 10752K, reserved 516096K
}
Event: 21.114 GC heap after
{Heap after GC invocations=20 (full 0):
 garbage-first heap   total 131072K, used 65119K [0x0000000080000000, 0x0000000100000000)
  region size 1024K, 6 young (6144K), 6 survivors (6144K)
 Metaspace       used 74942K, capacity 77325K, committed 77576K, reserved 583680K
  class space    used 9774K, capacity 10726K, committed 10752K, reserved 516096K
}
Event: 22.523 GC heap before
{Heap before GC invocations=20 (full 0):
 garbage-first heap   total 131072K, used 91743K [0x0000000080000000, 0x0000000100000000)
  region size 1024K, 34 young (34816K), 6 survivors (6144K)
 Metaspace       used 79188K, capacity 81673K, committed 81928K, reserved 587776K
  class space    used 10227K, capacity 11236K, committed 11264K, reserved 516096K
}
Event: 22.532 GC heap after
{Heap after GC invocations=21 (full 0):
 garbage-first heap   total 131072K, used 68563K [0x0000000080000000, 0x0000000100000000)
  region size 1024K, 4 young (4096K), 4 survivors (4096K)
 Metaspace       used 79188K, capacity 81673K, committed 81928K, reserved 587776K
  class space    used 10227K, capacity 11236K, committed 11264K, reserved 516096K
}
Event: 23.158 GC heap before
{Heap before GC invocations=22 (full 0):
 garbage-first heap   total 131072K, used 113619K [0x0000000080000000, 0x0000000100000000)
  region size 1024K, 40 young (40960K), 4 survivors (4096K)
 Metaspace       used 81178K, capacity 83604K, committed 83720K, reserved 589824K
  class space    used 10480K, capacity 11468K, committed 11520K, reserved 516096K
}
Event: 23.165 GC heap after
{Heap after GC invocations=23 (full 0):
 garbage-first heap   total 131072K, used 72873K [0x0000000080000000, 0x0000000100000000)
  region size 1024K, 5 young (5120K), 5 survivors (5120K)
 Metaspace       used 81178K, capacity 83604K, committed 83720K, reserved 589824K
  class space    used 10480K, capacity 11468K, committed 11520K, reserved 516096K
}
Event: 23.182 GC heap before
{Heap before GC invocations=23 (full 0):
 garbage-first heap   total 131072K, used 73897K [0x0000000080000000, 0x0000000100000000)
  region size 1024K, 6 young (6144K), 5 survivors (5120K)
 Metaspace       used 81244K, capacity 83610K, committed 83720K, reserved 589824K
  class space    used 10488K, capacity 11470K, committed 11520K, reserved 516096K
}
Event: 23.186 GC heap after
{Heap after GC invocations=24 (full 0):
 garbage-first heap   total 131072K, used 73277K [0x0000000080000000, 0x0000000100000000)
  region size 1024K, 1 young (1024K), 1 survivors (1024K)
 Metaspace       used 81244K, capacity 83610K, committed 83720K, reserved 589824K
  class space    used 10488K, capacity 11470K, committed 11520K, reserved 516096K
}
Event: 23.558 GC heap before
{Heap before GC invocations=25 (full 0):
 garbage-first heap   total 131072K, used 86589K [0x0000000080000000, 0x0000000100000000)
  region size 1024K, 15 young (15360K), 1 survivors (1024K)
 Metaspace       used 82455K, capacity 84914K, committed 85128K, reserved 589824K
  class space    used 10637K, capacity 11604K, committed 11648K, reserved 516096K
}
Event: 23.560 GC heap after
{Heap after GC invocations=26 (full 0):
 garbage-first heap   total 131072K, used 73527K [0x0000000080000000, 0x0000000100000000)
  region size 1024K, 1 young (1024K), 1 survivors (1024K)
 Metaspace       used 82455K, capacity 84914K, committed 85128K, reserved 589824K
  class space    used 10637K, capacity 11604K, committed 11648K, reserved 516096K
}
Event: 23.723 GC heap before
{Heap before GC invocations=26 (full 0):
 garbage-first heap   total 131072K, used 81719K [0x0000000080000000, 0x0000000100000000)
  region size 1024K, 10 young (10240K), 1 survivors (1024K)
 Metaspace       used 83237K, capacity 85625K, committed 85768K, reserved 591872K
  class space    used 10757K, capacity 11733K, committed 11776K, reserved 516096K
}
Event: 23.726 GC heap after
{Heap after GC invocations=27 (full 0):
 garbage-first heap   total 131072K, used 74156K [0x0000000080000000, 0x0000000100000000)
  region size 1024K, 2 young (2048K), 2 survivors (2048K)
 Metaspace       used 83237K, capacity 85625K, committed 85768K, reserved 591872K
  class space    used 10757K, capacity 11733K, committed 11776K, reserved 516096K
}
Event: 24.336 GC heap before
{Heap before GC invocations=28 (full 0):
 garbage-first heap   total 131072K, used 96684K [0x0000000080000000, 0x0000000100000000)
  region size 1024K, 23 young (23552K), 2 survivors (2048K)
 Metaspace       used 84449K, capacity 86987K, committed 87304K, reserved 591872K
  class space    used 10950K, capacity 11949K, committed 12032K, reserved 516096K
}
Event: 24.340 GC heap after
{Heap after GC invocations=29 (full 0):
 garbage-first heap   total 131072K, used 75573K [0x0000000080000000, 0x0000000100000000)
  region size 1024K, 3 young (3072K), 3 survivors (3072K)
 Metaspace       used 84449K, capacity 86987K, committed 87304K, reserved 591872K
  class space    used 10950K, capacity 11949K, committed 12032K, reserved 516096K
}
Event: 24.454 GC heap before
{Heap before GC invocations=29 (full 0):
 garbage-first heap   total 131072K, used 99125K [0x0000000080000000, 0x0000000100000000)
  region size 1024K, 26 young (26624K), 3 survivors (3072K)
 Metaspace       used 84501K, capacity 87019K, committed 87304K, reserved 591872K
  class space    used 10956K, capacity 11981K, committed 12032K, reserved 516096K
}
Event: 24.461 GC heap after
{Heap after GC invocations=30 (full 0):
 garbage-first heap   total 131072K, used 77035K [0x0000000080000000, 0x0000000100000000)
  region size 1024K, 4 young (4096K), 4 survivors (4096K)
 Metaspace       used 84501K, capacity 87019K, committed 87304K, reserved 591872K
  class space    used 10956K, capacity 11981K, committed 12032K, reserved 516096K
}

