# JRE version: OpenJDK Runtime Environment Microsoft-7208460 (11.0.18+10) (build 11.0.18+10-LTS)
# Java VM: OpenJDK 64-Bit Server VM Microsoft-7208460 (11.0.18+10-LTS, mixed mode, tiered, compressed oops, g1 gc, windows-amd64)
Heap:
 garbage-first heap   total 227328K, used 163258K [0x0000000080000000, 0x0000000100000000)
  region size 1024K, 13 young (13312K), 5 survivors (5120K)
 Metaspace       used 107983K, capacity 111574K, committed 111624K, reserved 612352K
  class space    used 14180K, capacity 15603K, committed 15616K, reserved 516096K
GC Heap History (20 events):
Event: 234.769 GC heap before
{Heap before GC invocations=77 (full 0):
 garbage-first heap   total 189440K, used 142557K [0x0000000080000000, 0x0000000100000000)
  region size 1024K, 13 young (13312K), 3 survivors (3072K)
 Metaspace       used 98361K, capacity 101691K, committed 101896K, reserved 604160K
  class space    used 12905K, capacity 14209K, committed 14336K, reserved 516096K
}
Event: 234.774 GC heap after
{Heap after GC invocations=78 (full 0):
 garbage-first heap   total 189440K, used 135724K [0x0000000080000000, 0x0000000100000000)
  region size 1024K, 3 young (3072K), 3 survivors (3072K)
 Metaspace       used 98361K, capacity 101691K, committed 101896K, reserved 604160K
  class space    used 12905K, capacity 14209K, committed 14336K, reserved 516096K
}
Event: 236.564 GC heap before
{Heap before GC invocations=79 (full 0):
 garbage-first heap   total 189440K, used 153132K [0x0000000080000000, 0x0000000100000000)
  region size 1024K, 20 young (20480K), 3 survivors (3072K)
 Metaspace       used 99270K, capacity 102681K, committed 103048K, reserved 606208K
  class space    used 13023K, capacity 14346K, committed 14464K, reserved 516096K
}
Event: 236.568 GC heap after
{Heap after GC invocations=80 (full 0):
 garbage-first heap   total 189440K, used 139868K [0x0000000080000000, 0x0000000100000000)
  region size 1024K, 3 young (3072K), 3 survivors (3072K)
 Metaspace       used 99270K, capacity 102681K, committed 103048K, reserved 606208K
  class space    used 13023K, capacity 14346K, committed 14464K, reserved 516096K
}
Event: 236.854 GC heap before
{Heap before GC invocations=80 (full 0):
 garbage-first heap   total 189440K, used 155228K [0x0000000080000000, 0x0000000100000000)
  region size 1024K, 19 young (19456K), 3 survivors (3072K)
 Metaspace       used 99957K, capacity 103380K, committed 103560K, reserved 606208K
  class space    used 13110K, capacity 14451K, committed 14464K, reserved 516096K
}
Event: 236.860 GC heap after
{Heap after GC invocations=81 (full 0):
 garbage-first heap   total 189440K, used 141556K [0x0000000080000000, 0x0000000100000000)
  region size 1024K, 2 young (2048K), 2 survivors (2048K)
 Metaspace       used 99957K, capacity 103380K, committed 103560K, reserved 606208K
  class space    used 13110K, capacity 14451K, committed 14464K, reserved 516096K
}
Event: 237.297 GC heap before
{Heap before GC invocations=82 (full 0):
 garbage-first heap   total 189440K, used 157940K [0x0000000080000000, 0x0000000100000000)
  region size 1024K, 18 young (18432K), 2 survivors (2048K)
 Metaspace       used 100598K, capacity 103928K, committed 104200K, reserved 606208K
  class space    used 13185K, capacity 14523K, committed 14592K, reserved 516096K
}
Event: 237.304 GC heap after
{Heap after GC invocations=83 (full 0):
 garbage-first heap   total 189440K, used 144124K [0x0000000080000000, 0x0000000100000000)
  region size 1024K, 3 young (3072K), 3 survivors (3072K)
 Metaspace       used 100598K, capacity 103928K, committed 104200K, reserved 606208K
  class space    used 13185K, capacity 14523K, committed 14592K, reserved 516096K
}
Event: 237.461 GC heap before
{Heap before GC invocations=83 (full 0):
 garbage-first heap   total 189440K, used 150268K [0x0000000080000000, 0x0000000100000000)
  region size 1024K, 9 young (9216K), 3 survivors (3072K)
 Metaspace       used 100651K, capacity 104058K, committed 104200K, reserved 606208K
  class space    used 13185K, capacity 14523K, committed 14592K, reserved 516096K
}
Event: 237.469 GC heap after
{Heap after GC invocations=84 (full 0):
 garbage-first heap   total 189440K, used 145480K [0x0000000080000000, 0x0000000100000000)
  region size 1024K, 2 young (2048K), 2 survivors (2048K)
 Metaspace       used 100651K, capacity 104058K, committed 104200K, reserved 606208K
  class space    used 13185K, capacity 14523K, committed 14592K, reserved 516096K
}
Event: 237.710 GC heap before
{Heap before GC invocations=84 (full 0):
 garbage-first heap   total 189440K, used 159816K [0x0000000080000000, 0x0000000100000000)
  region size 1024K, 16 young (16384K), 2 survivors (2048K)
 Metaspace       used 101202K, capacity 104640K, committed 104840K, reserved 608256K
  class space    used 13287K, capacity 14650K, committed 14720K, reserved 516096K
}
Event: 237.720 GC heap after
{Heap after GC invocations=85 (full 0):
 garbage-first heap   total 189440K, used 146293K [0x0000000080000000, 0x0000000100000000)
  region size 1024K, 1 young (1024K), 1 survivors (1024K)
 Metaspace       used 101202K, capacity 104640K, committed 104840K, reserved 608256K
  class space    used 13287K, capacity 14650K, committed 14720K, reserved 516096K
}
Event: 238.272 GC heap before
{Heap before GC invocations=86 (full 0):
 garbage-first heap   total 189440K, used 160629K [0x0000000080000000, 0x0000000100000000)
  region size 1024K, 15 young (15360K), 1 survivors (1024K)
 Metaspace       used 102011K, capacity 105425K, committed 105736K, reserved 608256K
  class space    used 13408K, capacity 14734K, committed 14848K, reserved 516096K
}
Event: 238.282 GC heap after
{Heap after GC invocations=87 (full 0):
 garbage-first heap   total 227328K, used 146731K [0x0000000080000000, 0x0000000100000000)
  region size 1024K, 2 young (2048K), 2 survivors (2048K)
 Metaspace       used 102011K, capacity 105425K, committed 105736K, reserved 608256K
  class space    used 13408K, capacity 14734K, committed 14848K, reserved 516096K
}
Event: 238.637 GC heap before
{Heap before GC invocations=87 (full 0):
 garbage-first heap   total 227328K, used 155947K [0x0000000080000000, 0x0000000100000000)
  region size 1024K, 11 young (11264K), 2 survivors (2048K)
 Metaspace       used 102544K, capacity 106004K, committed 106248K, reserved 608256K
  class space    used 13483K, capacity 14836K, committed 14848K, reserved 516096K
}
Event: 238.654 GC heap after
{Heap after GC invocations=88 (full 0):
 garbage-first heap   total 227328K, used 147263K [0x0000000080000000, 0x0000000100000000)
  region size 1024K, 2 young (2048K), 2 survivors (2048K)
 Metaspace       used 102544K, capacity 106004K, committed 106248K, reserved 608256K
  class space    used 13483K, capacity 14836K, committed 14848K, reserved 516096K
}
Event: 239.976 GC heap before
{Heap before GC invocations=88 (full 0):
 garbage-first heap   total 227328K, used 173887K [0x0000000080000000, 0x0000000100000000)
  region size 1024K, 28 young (28672K), 2 survivors (2048K)
 Metaspace       used 104222K, capacity 107749K, committed 107912K, reserved 610304K
  class space    used 13715K, capacity 15114K, committed 15232K, reserved 516096K
}
Event: 239.985 GC heap after
{Heap after GC invocations=89 (full 0):
 garbage-first heap   total 227328K, used 148686K [0x0000000080000000, 0x0000000100000000)
  region size 1024K, 3 young (3072K), 3 survivors (3072K)
 Metaspace       used 104222K, capacity 107749K, committed 107912K, reserved 610304K
  class space    used 13715K, capacity 15114K, committed 15232K, reserved 516096K
}
Event: 241.285 GC heap before
{Heap before GC invocations=90 (full 0):
 garbage-first heap   total 227328K, used 177358K [0x0000000080000000, 0x0000000100000000)
  region size 1024K, 31 young (31744K), 3 survivors (3072K)
 Metaspace       used 106261K, capacity 109821K, committed 109960K, reserved 612352K
  class space    used 13970K, capacity 15387K, committed 15488K, reserved 516096K
}
Event: 241.293 GC heap after
{Heap after GC invocations=91 (full 0):
 garbage-first heap   total 227328K, used 151254K [0x0000000080000000, 0x0000000100000000)
  region size 1024K, 4 young (4096K), 4 survivors (4096K)
 Metaspace       used 106261K, capacity 109821K, committed 109960K, reserved 612352K
  class space    used 13970K, capacity 15387K, committed 15488K, reserved 516096K
}

